2023-11-15 19:10:28 - sqlalchemy.engine.Engine - INFO - select pg_catalog.version()
2023-11-15 19:10:28 - sqlalchemy.engine.Engine - INFO - [raw sql] ()
2023-11-15 19:10:28 - sqlalchemy.engine.Engine - INFO - select current_schema()
2023-11-15 19:10:28 - sqlalchemy.engine.Engine - INFO - [raw sql] ()
2023-11-15 19:10:28 - sqlalchemy.engine.Engine - INFO - show standard_conforming_strings
2023-11-15 19:10:28 - sqlalchemy.engine.Engine - INFO - [raw sql] ()
2023-11-15 19:10:28 - sqlalchemy.engine.Engine - INFO - BEGIN (implicit)
2023-11-15 19:10:28 - sqlalchemy.engine.Engine - INFO - SELECT pg_catalog.pg_class.relname 
FROM pg_catalog.pg_class JOIN pg_catalog.pg_namespace ON pg_catalog.pg_namespace.oid = pg_catalog.pg_class.relnamespace 
WHERE pg_catalog.pg_class.relname = $1::VARCHAR AND pg_catalog.pg_class.relkind = ANY (ARRAY[$2::VARCHAR, $3::VARCHAR, $4::VARCHAR, $5::VARCHAR, $6::VARCHAR]) AND pg_catalog.pg_table_is_visible(pg_catalog.pg_class.oid) AND pg_catalog.pg_namespace.nspname != $7::VARCHAR
2023-11-15 19:10:28 - sqlalchemy.engine.Engine - INFO - [generated in 0.00020s] ('refreshtoken', 'r', 'p', 'f', 'v', 'm', 'pg_catalog')
2023-11-15 19:10:28 - sqlalchemy.engine.Engine - INFO - SELECT pg_catalog.pg_class.relname 
FROM pg_catalog.pg_class JOIN pg_catalog.pg_namespace ON pg_catalog.pg_namespace.oid = pg_catalog.pg_class.relnamespace 
WHERE pg_catalog.pg_class.relname = $1::VARCHAR AND pg_catalog.pg_class.relkind = ANY (ARRAY[$2::VARCHAR, $3::VARCHAR, $4::VARCHAR, $5::VARCHAR, $6::VARCHAR]) AND pg_catalog.pg_table_is_visible(pg_catalog.pg_class.oid) AND pg_catalog.pg_namespace.nspname != $7::VARCHAR
2023-11-15 19:10:28 - sqlalchemy.engine.Engine - INFO - [cached since 0.005052s ago] ('user', 'r', 'p', 'f', 'v', 'm', 'pg_catalog')
2023-11-15 19:10:28 - sqlalchemy.engine.Engine - INFO - SELECT pg_catalog.pg_class.relname 
FROM pg_catalog.pg_class JOIN pg_catalog.pg_namespace ON pg_catalog.pg_namespace.oid = pg_catalog.pg_class.relnamespace 
WHERE pg_catalog.pg_class.relname = $1::VARCHAR AND pg_catalog.pg_class.relkind = ANY (ARRAY[$2::VARCHAR, $3::VARCHAR, $4::VARCHAR, $5::VARCHAR, $6::VARCHAR]) AND pg_catalog.pg_table_is_visible(pg_catalog.pg_class.oid) AND pg_catalog.pg_namespace.nspname != $7::VARCHAR
2023-11-15 19:10:28 - sqlalchemy.engine.Engine - INFO - [cached since 0.006129s ago] ('task', 'r', 'p', 'f', 'v', 'm', 'pg_catalog')
2023-11-15 19:10:28 - sqlalchemy.engine.Engine - INFO - COMMIT
2023-11-15 19:10:45 - sqlalchemy.engine.Engine - INFO - BEGIN (implicit)
2023-11-15 19:10:45 - sqlalchemy.engine.Engine - INFO - INSERT INTO "user" (username, full_name, email, age, hashed_password) VALUES ($1::VARCHAR, $2::VARCHAR, $3::VARCHAR, $4::INTEGER, $5::BYTEA) RETURNING "user".id, "user".username, "user".full_name, "user".email, "user".age, "user".hashed_password
2023-11-15 19:10:45 - sqlalchemy.engine.Engine - INFO - [generated in 0.00021s] ('stri23ng', 'str23ing', 'us23er@example.com', 20, b'$2b$12$o4eL9O3hKOJd4m3BklP.4uAjSs6dgzby0aWz6dbLPlFMey7lmrCei')
2023-11-15 19:10:45 - sqlalchemy.engine.Engine - INFO - ROLLBACK
